
=== Sun Sep 22 01:44:37 2019

Packages were changed.
Update Mode: mergeDefaultDependencies

The following packages were updated:
  com.unity.ide.rider from version 1.0.8 to 1.1.0
  com.unity.test-framework from version 1.0.17 to 1.1.1
  com.unity.timeline from version 1.1.0 to 1.2.1

=== Mon Jan 13 18:26:00 2020

Packages were changed.
Update Mode: updateDependencies

The following packages were updated:
  com.unity.ide.rider from version 1.1.0 to 1.1.4
  com.unity.ide.vscode from version 1.0.7 to 1.1.3
  com.unity.render-pipelines.universal from version 7.0.1 to 7.1.6
  com.unity.test-framework from version 1.1.1 to 1.1.3
  com.unity.timeline from version 1.2.1 to 1.2.6

=== Thu Jan 16 10:50:34 2020

Packages were changed.
Update Mode: updateDependencies

The following packages were updated:
  com.unity.analytics from version 3.3.2 to 3.3.4
  com.unity.render-pipelines.universal from version 7.1.6 to 7.1.7
  com.unity.test-framework from version 1.1.3 to 1.1.9
  com.unity.timeline from version 1.2.6 to 1.2.9
